
> frontend@0.1.0 dev
> next dev --webpack

▲ Next.js 16.2.0 (webpack)
- Local:         http://localhost:3000
- Network:       http://172.168.222.177:3000
- Environments: .env.local
✓ Ready in 832ms

○ Compiling / ...
 GET / 200 in 4.9s (next.js: 4.6s, application-code: 231ms)
 GET / 200 in 333ms (next.js: 18ms, application-code: 315ms)
 GET /gigs 200 in 1850ms (next.js: 1567ms, application-code: 283ms)
 GET / 200 in 70ms (next.js: 30ms, application-code: 40ms)
 GET / 200 in 39ms (next.js: 6ms, application-code: 33ms)
 GET / 200 in 12ms (next.js: 3ms, application-code: 9ms)
 GET / 200 in 27ms (next.js: 3ms, application-code: 24ms)
 GET / 200 in 12ms (next.js: 5ms, application-code: 8ms)
 GET / 200 in 36ms (next.js: 4ms, application-code: 32ms)
 GET /feeds 200 in 823ms (next.js: 779ms, application-code: 44ms)
 GET /about 200 in 793ms (next.js: 676ms, application-code: 117ms)
 GET /clubs 200 in 1445ms (next.js: 1370ms, application-code: 75ms)
 GET /gigs 200 in 1244ms (next.js: 1165ms, application-code: 80ms)
 GET /register 200 in 833ms (next.js: 799ms, application-code: 35ms)
 GET / 200 in 42ms (next.js: 15ms, application-code: 27ms)
 GET / 200 in 19ms (next.js: 6ms, application-code: 12ms)
 GET / 200 in 31ms (next.js: 2ms, application-code: 28ms)
 GET / 200 in 11ms (next.js: 2ms, application-code: 9ms)
 GET / 200 in 28ms (next.js: 5ms, application-code: 23ms)
 GET /feeds 200 in 60ms (next.js: 24ms, application-code: 36ms)
 GET / 200 in 30ms (next.js: 2ms, application-code: 27ms)
 GET /feeds 200 in 36ms (next.js: 2ms, application-code: 34ms)
 GET /about 200 in 67ms (next.js: 14ms, application-code: 54ms)
 GET /clubs 200 in 38ms (next.js: 12ms, application-code: 25ms)
 GET /gigs 200 in 40ms (next.js: 10ms, application-code: 30ms)
 GET /clubs 200 in 26ms (next.js: 3ms, application-code: 23ms)
 GET /about 200 in 47ms (next.js: 3ms, application-code: 44ms)
 GET /feeds 200 in 21ms (next.js: 3ms, application-code: 18ms)
 GET /about 200 in 76ms (next.js: 6ms, application-code: 70ms)
 GET /clubs 200 in 27ms (next.js: 3ms, application-code: 25ms)
 GET /gigs 200 in 30ms (next.js: 2ms, application-code: 28ms)
 GET /clubs 200 in 25ms (next.js: 3ms, application-code: 22ms)
 GET /gigs 200 in 39ms (next.js: 4ms, application-code: 34ms)
 GET /gigs 200 in 21ms (next.js: 4ms, application-code: 17ms)
